\BOOKMARK [0][-]{chapter*.3}{List of Figures}{}% 1
\BOOKMARK [0][-]{chapter*.4}{List of Tables}{}% 2
\BOOKMARK [0][-]{chapter.1}{Introduction}{}% 3
\BOOKMARK [0][-]{chapter.2}{Autonomous Drone Racing}{}% 4
\BOOKMARK [1][-]{section.2.1}{What is drone racing?}{chapter.2}% 5
\BOOKMARK [2][-]{subsection.2.1.1}{Stakes}{section.2.1}% 6
\BOOKMARK [2][-]{subsection.2.1.2}{Challenges}{section.2.1}% 7
\BOOKMARK [2][-]{subsection.2.1.3}{Beyond the hype and into reality}{section.2.1}% 8
\BOOKMARK [1][-]{section.2.2}{Litterature review}{chapter.2}% 9
\BOOKMARK [0][-]{chapter.3}{Convolutional Neural Networks}{}% 10
\BOOKMARK [1][-]{section.3.1}{Advantages and applications}{chapter.3}% 11
\BOOKMARK [1][-]{section.3.2}{Architecture}{chapter.3}% 12
\BOOKMARK [2][-]{subsection.3.2.1}{Typical inputs}{section.3.2}% 13
\BOOKMARK [2][-]{subsection.3.2.2}{Typical outputs}{section.3.2}% 14
\BOOKMARK [2][-]{subsection.3.2.3}{Layer types}{section.3.2}% 15
\BOOKMARK [2][-]{subsection.3.2.4}{Regularization}{section.3.2}% 16
\BOOKMARK [1][-]{section.3.3}{Training and evaluation}{chapter.3}% 17
\BOOKMARK [2][-]{subsection.3.3.1}{Dataset choice}{section.3.3}% 18
\BOOKMARK [2][-]{subsection.3.3.2}{Hyperparameter tuning}{section.3.3}% 19
\BOOKMARK [1][-]{section.3.4}{Common pitfalls}{chapter.3}% 20
\BOOKMARK [2][-]{subsection.3.4.1}{Underfitting}{section.3.4}% 21
\BOOKMARK [2][-]{subsection.3.4.2}{Overfitting}{section.3.4}% 22
\BOOKMARK [0][-]{chapter.4}{Choice of topology}{}% 23
\BOOKMARK [1][-]{section.4.1}{Pretrained models}{chapter.4}% 24
\BOOKMARK [1][-]{section.4.2}{Custom models}{chapter.4}% 25
\BOOKMARK [1][-]{section.4.3}{DroNet: bakdwjwkdjkw}{chapter.4}% 26
\BOOKMARK [1][-]{section.4.4}{Modifying DroNet}{chapter.4}% 27
\BOOKMARK [0][-]{chapter.5}{Dataset generation}{}% 28
\BOOKMARK [1][-]{section.5.1}{Problem statement}{chapter.5}% 29
\BOOKMARK [1][-]{section.5.2}{Proposed solution}{chapter.5}% 30
\BOOKMARK [2][-]{subsection.5.2.1}{Advantages}{section.5.2}% 31
\BOOKMARK [2][-]{subsection.5.2.2}{Limitations}{section.5.2}% 32
\BOOKMARK [1][-]{section.5.3}{Synthetic gates generation}{chapter.5}% 33
\BOOKMARK [2][-]{subsection.5.3.1}{OpenGL scene}{section.5.3}% 34
\BOOKMARK [2][-]{subsection.5.3.2}{Modelling the camera}{section.5.3}% 35
\BOOKMARK [2][-]{subsection.5.3.3}{Mapping a virtual space}{section.5.3}% 36
\BOOKMARK [1][-]{section.5.4}{Foreground blending}{chapter.5}% 37
\BOOKMARK [0][-]{chapter.6}{Network training}{}% 38
\BOOKMARK [1][-]{section.6.1}{Dataset size and network capacity}{chapter.6}% 39
\BOOKMARK [1][-]{section.6.2}{Choice of Hyperparameters}{chapter.6}% 40
\BOOKMARK [1][-]{section.6.3}{Overcoming the overfitting problem}{chapter.6}% 41
\BOOKMARK [1][-]{section.6.4}{Achieving generalization}{chapter.6}% 42
\BOOKMARK [1][-]{section.6.5}{Evaluating on real world data}{chapter.6}% 43
\BOOKMARK [0][-]{chapter.7}{Control and trajectory planning}{}% 44
\BOOKMARK [1][-]{section.7.1}{Problem statement}{chapter.7}% 45
\BOOKMARK [1][-]{section.7.2}{Robots Operating System}{chapter.7}% 46
\BOOKMARK [1][-]{section.7.3}{Proportional Integral Derivative controllers}{chapter.7}% 47
\BOOKMARK [1][-]{section.7.4}{Putting things together}{chapter.7}% 48
\BOOKMARK [0][-]{chapter.8}{Experiments and Discussion of results}{}% 49
\BOOKMARK [1][-]{section.8.1}{Gate detection}{chapter.8}% 50
\BOOKMARK [1][-]{section.8.2}{Trajectory planning}{chapter.8}% 51
\BOOKMARK [0][-]{chapter.9}{Conclusion}{}% 52
\BOOKMARK [0][-]{chapter.9}{Bibliography}{}% 53
\BOOKMARK [0][-]{appendix.A}{Appendix 1}{}% 54
